<?xml version="1.0" encoding="UTF-8"?>
<testng-results ignored="0" total="1" passed="1" failed="0" skipped="0">
  <reporter-output>
  </reporter-output>
  <suite started-at="2023-12-11T09:39:03 IST" name="Default suite" finished-at="2023-12-11T09:39:59 IST" duration-ms="55493">
    <groups>
      <group name="cucumber">
        <method signature="AbstractTestNGCucumberTests.runScenario(io.cucumber.testng.PickleWrapper, io.cucumber.testng.FeatureWrapper)[pri:0, instance:runner.TestRunner@1ca3b418]" name="runScenario" class="io.cucumber.testng.AbstractTestNGCucumberTests"/>
      </group> <!-- cucumber -->
    </groups>
    <test started-at="2023-12-11T09:39:03 IST" name="Default test" finished-at="2023-12-11T09:39:59 IST" duration-ms="55493">
      <class name="runner.TestRunner">
        <test-method is-config="true" signature="setUpClass(org.testng.ITestContext)[pri:0, instance:runner.TestRunner@1ca3b418]" started-at="2023-12-11T09:39:03 IST" name="setUpClass" finished-at="2023-12-11T09:39:04 IST" duration-ms="578" status="PASS">
          <params>
            <param index="0">
              <value>
                <![CDATA[org.testng.TestRunner@c97721b]]>
              </value>
            </param>
          </params>
          <reporter-output>
          </reporter-output>
        </test-method> <!-- setUpClass -->
        <test-method signature="runScenario(io.cucumber.testng.PickleWrapper, io.cucumber.testng.FeatureWrapper)[pri:0, instance:runner.TestRunner@1ca3b418]" started-at="2023-12-11T09:39:04 IST" name="runScenario" description="Runs Cucumber Scenarios" data-provider="scenarios" finished-at="2023-12-11T09:39:58 IST" duration-ms="54820" status="PASS">
          <params>
            <param index="0">
              <value>
                <![CDATA["Add Products to Cart"]]>
              </value>
            </param>
            <param index="1">
              <value>
                <![CDATA["Validate Cart Functionality on Chiltern Oak Furniture Website"]]>
              </value>
            </param>
          </params>
          <reporter-output>
          </reporter-output>
        </test-method> <!-- runScenario -->
        <test-method is-config="true" signature="tearDownClass()[pri:0, instance:runner.TestRunner@1ca3b418]" started-at="2023-12-11T09:39:58 IST" name="tearDownClass" finished-at="2023-12-11T09:39:59 IST" duration-ms="65" status="PASS">
          <reporter-output>
          </reporter-output>
        </test-method> <!-- tearDownClass -->
      </class> <!-- runner.TestRunner -->
    </test> <!-- Default test -->
  </suite> <!-- Default suite -->
</testng-results>
